<?xml version="1.0" encoding="UTF-8"?>
<!-- Generated by org.testng.reporters.JUnitXMLReporter -->
<testsuite hostname="vmpc1075" ignored="0" name="Vzone-Test" tests="3" failures="0" timestamp="04 May 2017 10:54:29 GMT" time="28.65" errors="0">
  <testcase name="LoginWithVaildCredentials" time="14.916" classname="com.vzone.login.vzone_LoginLogut"/>
  <testcase name="InvaildCredentials" time="7.366" classname="com.vzone.login.vzone_LoginLogut"/>
  <testcase name="firsttestcase" time="0.002" classname="com.vzone.login.sample1"/>
</testsuite> <!-- Vzone-Test -->
