<?xml version="1.0" encoding="UTF-8"?>
<testng-results skipped="0" failed="0" ignored="0" total="1" passed="1">
  <reporter-output>
  </reporter-output>
  <suite name="Default suite" duration-ms="15067" started-at="2017-08-28T11:04:26Z" finished-at="2017-08-28T11:04:41Z">
    <groups>
    </groups>
    <test name="Default test" duration-ms="15067" started-at="2017-08-28T11:04:26Z" finished-at="2017-08-28T11:04:41Z">
      <class name="com.vzone.TestCases.VerifyLogin">
        <test-method status="PASS" signature="checkVaildUser()[pri:0, instance:com.vzone.TestCases.VerifyLogin@7921b0a2]" name="checkVaildUser" duration-ms="15036" started-at="2017-08-28T16:34:26Z" finished-at="2017-08-28T16:34:41Z">
          <reporter-output>
          </reporter-output>
        </test-method> <!-- checkVaildUser -->
      </class> <!-- com.vzone.TestCases.VerifyLogin -->
    </test> <!-- Default test -->
  </suite> <!-- Default suite -->
</testng-results>
