<?xml version="1.0" encoding="UTF-8"?>
<testng-results skipped="0" failed="0" ignored="0" total="2" passed="2">
  <reporter-output>
  </reporter-output>
  <suite name="Default suite" duration-ms="38894" started-at="2017-06-08T09:06:59Z" finished-at="2017-06-08T09:07:38Z">
    <groups>
    </groups>
    <test name="Default test" duration-ms="38894" started-at="2017-06-08T09:06:59Z" finished-at="2017-06-08T09:07:38Z">
      <class name="com.datadrivenframework.test.ddf1">
        <test-method status="PASS" signature="TestVzoneLogin(java.lang.String, java.lang.String)[pri:0, instance:com.datadrivenframework.test.ddf1@402f32ff]" name="TestVzoneLogin" duration-ms="19397" started-at="2017-06-08T14:36:59Z" data-provider="testdata" finished-at="2017-06-08T14:37:18Z">
          <params>
            <param index="0">
              <value>
                <![CDATA[alagappan.n@vmokshagroup.com]]>
              </value>
            </param>
            <param index="1">
              <value>
                <![CDATA[Power@1234]]>
              </value>
            </param>
          </params>
          <reporter-output>
          </reporter-output>
        </test-method> <!-- TestVzoneLogin -->
        <test-method status="PASS" signature="TestVzoneLogin(java.lang.String, java.lang.String)[pri:0, instance:com.datadrivenframework.test.ddf1@402f32ff]" name="TestVzoneLogin" duration-ms="19455" started-at="2017-06-08T14:37:18Z" data-provider="testdata" finished-at="2017-06-08T14:37:38Z">
          <params>
            <param index="0">
              <value>
                <![CDATA[alagappan.n@vmokshagroup.com]]>
              </value>
            </param>
            <param index="1">
              <value>
                <![CDATA[alan2119]]>
              </value>
            </param>
          </params>
          <reporter-output>
          </reporter-output>
        </test-method> <!-- TestVzoneLogin -->
      </class> <!-- com.datadrivenframework.test.ddf1 -->
    </test> <!-- Default test -->
  </suite> <!-- Default suite -->
</testng-results>
