<?xml version="1.0" encoding="UTF-8"?>
<testng-results skipped="0" failed="0" ignored="0" total="1" passed="1">
  <reporter-output>
  </reporter-output>
  <suite name="Default suite" duration-ms="83885" started-at="2017-07-14T10:10:46Z" finished-at="2017-07-14T10:12:10Z">
    <groups>
    </groups>
    <test name="Default test" duration-ms="83885" started-at="2017-07-14T10:10:46Z" finished-at="2017-07-14T10:12:10Z">
      <class name="com.HandleAlertWindow.test.HandlePopupWindowOrBootstrap">
        <test-method status="PASS" signature="DemoPopup()[pri:0, instance:com.HandleAlertWindow.test.HandlePopupWindowOrBootstrap@396a51ab]" name="DemoPopup" duration-ms="83853" started-at="2017-07-14T15:40:46Z" finished-at="2017-07-14T15:42:10Z">
          <reporter-output>
          </reporter-output>
        </test-method> <!-- DemoPopup -->
      </class> <!-- com.HandleAlertWindow.test.HandlePopupWindowOrBootstrap -->
    </test> <!-- Default test -->
  </suite> <!-- Default suite -->
</testng-results>
